<?xml version="1.0" encoding="UTF-8"?>
<!-- Generated by org.testng.reporters.JUnitXMLReporter -->
<testsuite ignored="0" hostname="DESKTOP-UT3M5IE" failures="0" tests="4" name="Default test" time="9.239" errors="0" timestamp="2023-03-28T19:52:00 IST">
  <testcase classname="Trello.trello" name="Create_a_board" time="5.314"/>
  <testcase classname="Trello.trello" name="Get_a_board" time="1.333"/>
  <testcase classname="Trello.trello" name="Update_a_board" time="0.722"/>
  <testcase classname="Trello.trello" name="Delete_a_board" time="1.775"/>
</testsuite> <!-- Default test -->
